# JRE version: OpenJDK Runtime Environment Temurin-17.0.9+9 (17.0.9+9) (build 17.0.9+9)
# Java VM: OpenJDK 64-Bit Server VM Temurin-17.0.9+9 (17.0.9+9, mixed mode, tiered, compressed oops, compressed class ptrs, parallel gc, windows-amd64)
GC Precious Log:
 CPUs: 4 total, 4 available
 Memory: 16239M
 Large Page Support: Disabled
 NUMA Support: Disabled
 Compressed Oops: Enabled (32-bit)
 Alignments: Space 512K, Generation 512K, Heap 2M
 Heap Min Capacity: 100M
 Heap Initial Capacity: 100M
 Heap Max Capacity: 1G
 Pre-touch: Disabled
 Parallel Workers: 4
Heap:
 PSYoungGen      total 3584K, used 1568K [0x00000000eab00000, 0x00000000eb200000, 0x0000000100000000)
  eden space 1536K, 0% used [0x00000000eab00000,0x00000000eab00000,0x00000000eac80000)
  from space 2048K, 76% used [0x00000000eac80000,0x00000000eae08000,0x00000000eae80000)
  to   space 2560K, 0% used [0x00000000eaf80000,0x00000000eaf80000,0x00000000eb200000)
 ParOldGen       total 160256K, used 159353K [0x00000000c0000000, 0x00000000c9c80000, 0x00000000eab00000)
  object space 160256K, 99% used [0x00000000c0000000,0x00000000c9b9e5c8,0x00000000c9c80000)
 Metaspace       used 100016K, committed 101504K, reserved 1179648K
  class space    used 9669K, committed 10304K, reserved 1048576K
GC Heap History (20 events):
Event: 10604.841 GC heap after
{Heap after GC invocations=19258 (full 475):
 PSYoungGen      total 3584K, used 496K [0x00000000eab00000, 0x00000000eb000000, 0x0000000100000000)
  eden space 3072K, 0% used [0x00000000eab00000,0x00000000eab00000,0x00000000eae00000)
  from space 512K, 96% used [0x00000000eaf80000,0x00000000eaffc030,0x00000000eb000000)
  to   space 1024K, 0% used [0x00000000eae00000,0x00000000eae00000,0x00000000eaf00000)
 ParOldGen       total 160256K, used 150286K [0x00000000c0000000, 0x00000000c9c80000, 0x00000000eab00000)
  object space 160256K, 93% used [0x00000000c0000000,0x00000000c92c3998,0x00000000c9c80000)
 Metaspace       used 100016K, committed 101504K, reserved 1179648K
  class space    used 9669K, committed 10304K, reserved 1048576K
}
Event: 10604.850 GC heap before
{Heap before GC invocations=19259 (full 475):
 PSYoungGen      total 3584K, used 3568K [0x00000000eab00000, 0x00000000eb000000, 0x0000000100000000)
  eden space 3072K, 100% used [0x00000000eab00000,0x00000000eae00000,0x00000000eae00000)
  from space 512K, 96% used [0x00000000eaf80000,0x00000000eaffc030,0x00000000eb000000)
  to   space 1024K, 0% used [0x00000000eae00000,0x00000000eae00000,0x00000000eaf00000)
 ParOldGen       total 160256K, used 150286K [0x00000000c0000000, 0x00000000c9c80000, 0x00000000eab00000)
  object space 160256K, 93% used [0x00000000c0000000,0x00000000c92c3998,0x00000000c9c80000)
 Metaspace       used 100016K, committed 101504K, reserved 1179648K
  class space    used 9669K, committed 10304K, reserved 1048576K
}
Event: 10604.852 GC heap after
{Heap after GC invocations=19259 (full 475):
 PSYoungGen      total 4096K, used 634K [0x00000000eab00000, 0x00000000eb000000, 0x0000000100000000)
  eden space 3072K, 0% used [0x00000000eab00000,0x00000000eab00000,0x00000000eae00000)
  from space 1024K, 61% used [0x00000000eae00000,0x00000000eae9e900,0x00000000eaf00000)
  to   space 1024K, 0% used [0x00000000eaf00000,0x00000000eaf00000,0x00000000eb000000)
 ParOldGen       total 160256K, used 150720K [0x00000000c0000000, 0x00000000c9c80000, 0x00000000eab00000)
  object space 160256K, 94% used [0x00000000c0000000,0x00000000c93302d8,0x00000000c9c80000)
 Metaspace       used 100016K, committed 101504K, reserved 1179648K
  class space    used 9669K, committed 10304K, reserved 1048576K
}
Event: 10604.857 GC heap before
{Heap before GC invocations=19260 (full 475):
 PSYoungGen      total 4096K, used 3706K [0x00000000eab00000, 0x00000000eb000000, 0x0000000100000000)
  eden space 3072K, 100% used [0x00000000eab00000,0x00000000eae00000,0x00000000eae00000)
  from space 1024K, 61% used [0x00000000eae00000,0x00000000eae9e900,0x00000000eaf00000)
  to   space 1024K, 0% used [0x00000000eaf00000,0x00000000eaf00000,0x00000000eb000000)
 ParOldGen       total 160256K, used 150720K [0x00000000c0000000, 0x00000000c9c80000, 0x00000000eab00000)
  object space 160256K, 94% used [0x00000000c0000000,0x00000000c93302d8,0x00000000c9c80000)
 Metaspace       used 100016K, committed 101504K, reserved 1179648K
  class space    used 9669K, committed 10304K, reserved 1048576K
}
Event: 10604.859 GC heap after
{Heap after GC invocations=19260 (full 475):
 PSYoungGen      total 4096K, used 560K [0x00000000eab00000, 0x00000000eb000000, 0x0000000100000000)
  eden space 3072K, 0% used [0x00000000eab00000,0x00000000eab00000,0x00000000eae00000)
  from space 1024K, 54% used [0x00000000eaf00000,0x00000000eaf8c010,0x00000000eb000000)
  to   space 1024K, 0% used [0x00000000eae00000,0x00000000eae00000,0x00000000eaf00000)
 ParOldGen       total 160256K, used 151305K [0x00000000c0000000, 0x00000000c9c80000, 0x00000000eab00000)
  object space 160256K, 94% used [0x00000000c0000000,0x00000000c93c2718,0x00000000c9c80000)
 Metaspace       used 100016K, committed 101504K, reserved 1179648K
  class space    used 9669K, committed 10304K, reserved 1048576K
}
Event: 10604.940 GC heap before
{Heap before GC invocations=19261 (full 475):
 PSYoungGen      total 4096K, used 3632K [0x00000000eab00000, 0x00000000eb000000, 0x0000000100000000)
  eden space 3072K, 100% used [0x00000000eab00000,0x00000000eae00000,0x00000000eae00000)
  from space 1024K, 54% used [0x00000000eaf00000,0x00000000eaf8c010,0x00000000eb000000)
  to   space 1024K, 0% used [0x00000000eae00000,0x00000000eae00000,0x00000000eaf00000)
 ParOldGen       total 160256K, used 151305K [0x00000000c0000000, 0x00000000c9c80000, 0x00000000eab00000)
  object space 160256K, 94% used [0x00000000c0000000,0x00000000c93c2718,0x00000000c9c80000)
 Metaspace       used 100016K, committed 101504K, reserved 1179648K
  class space    used 9669K, committed 10304K, reserved 1048576K
}
Event: 10604.941 GC heap after
{Heap after GC invocations=19261 (full 475):
 PSYoungGen      total 4096K, used 634K [0x00000000eab00000, 0x00000000eb000000, 0x0000000100000000)
  eden space 3072K, 0% used [0x00000000eab00000,0x00000000eab00000,0x00000000eae00000)
  from space 1024K, 61% used [0x00000000eae00000,0x00000000eae9e920,0x00000000eaf00000)
  to   space 1024K, 0% used [0x00000000eaf00000,0x00000000eaf00000,0x00000000eb000000)
 ParOldGen       total 160256K, used 151833K [0x00000000c0000000, 0x00000000c9c80000, 0x00000000eab00000)
  object space 160256K, 94% used [0x00000000c0000000,0x00000000c9446738,0x00000000c9c80000)
 Metaspace       used 100016K, committed 101504K, reserved 1179648K
  class space    used 9669K, committed 10304K, reserved 1048576K
}
Event: 10604.948 GC heap before
{Heap before GC invocations=19262 (full 475):
 PSYoungGen      total 4096K, used 3706K [0x00000000eab00000, 0x00000000eb000000, 0x0000000100000000)
  eden space 3072K, 100% used [0x00000000eab00000,0x00000000eae00000,0x00000000eae00000)
  from space 1024K, 61% used [0x00000000eae00000,0x00000000eae9e920,0x00000000eaf00000)
  to   space 1024K, 0% used [0x00000000eaf00000,0x00000000eaf00000,0x00000000eb000000)
 ParOldGen       total 160256K, used 151833K [0x00000000c0000000, 0x00000000c9c80000, 0x00000000eab00000)
  object space 160256K, 94% used [0x00000000c0000000,0x00000000c9446738,0x00000000c9c80000)
 Metaspace       used 100016K, committed 101504K, reserved 1179648K
  class space    used 9669K, committed 10304K, reserved 1048576K
}
Event: 10604.949 GC heap after
{Heap after GC invocations=19262 (full 475):
 PSYoungGen      total 4096K, used 608K [0x00000000eab00000, 0x00000000eb000000, 0x0000000100000000)
  eden space 3072K, 0% used [0x00000000eab00000,0x00000000eab00000,0x00000000eae00000)
  from space 1024K, 59% used [0x00000000eaf00000,0x00000000eaf98000,0x00000000eb000000)
  to   space 1024K, 0% used [0x00000000eae00000,0x00000000eae00000,0x00000000eaf00000)
 ParOldGen       total 160256K, used 152450K [0x00000000c0000000, 0x00000000c9c80000, 0x00000000eab00000)
  object space 160256K, 95% used [0x00000000c0000000,0x00000000c94e0bb8,0x00000000c9c80000)
 Metaspace       used 100016K, committed 101504K, reserved 1179648K
  class space    used 9669K, committed 10304K, reserved 1048576K
}
Event: 10605.097 GC heap before
{Heap before GC invocations=19263 (full 475):
 PSYoungGen      total 4096K, used 3680K [0x00000000eab00000, 0x00000000eb000000, 0x0000000100000000)
  eden space 3072K, 100% used [0x00000000eab00000,0x00000000eae00000,0x00000000eae00000)
  from space 1024K, 59% used [0x00000000eaf00000,0x00000000eaf98000,0x00000000eb000000)
  to   space 1024K, 0% used [0x00000000eae00000,0x00000000eae00000,0x00000000eaf00000)
 ParOldGen       total 160256K, used 152450K [0x00000000c0000000, 0x00000000c9c80000, 0x00000000eab00000)
  object space 160256K, 95% used [0x00000000c0000000,0x00000000c94e0bb8,0x00000000c9c80000)
 Metaspace       used 100016K, committed 101504K, reserved 1179648K
  class space    used 9669K, committed 10304K, reserved 1048576K
}
Event: 10605.099 GC heap after
{Heap after GC invocations=19263 (full 475):
 PSYoungGen      total 4096K, used 708K [0x00000000eab00000, 0x00000000eb000000, 0x0000000100000000)
  eden space 3072K, 0% used [0x00000000eab00000,0x00000000eab00000,0x00000000eae00000)
  from space 1024K, 69% used [0x00000000eae00000,0x00000000eaeb1230,0x00000000eaf00000)
  to   space 1024K, 0% used [0x00000000eaf00000,0x00000000eaf00000,0x00000000eb000000)
 ParOldGen       total 160256K, used 152970K [0x00000000c0000000, 0x00000000c9c80000, 0x00000000eab00000)
  object space 160256K, 95% used [0x00000000c0000000,0x00000000c9562bb8,0x00000000c9c80000)
 Metaspace       used 100016K, committed 101504K, reserved 1179648K
  class space    used 9669K, committed 10304K, reserved 1048576K
}
Event: 10605.105 GC heap before
{Heap before GC invocations=19264 (full 475):
 PSYoungGen      total 4096K, used 3780K [0x00000000eab00000, 0x00000000eb000000, 0x0000000100000000)
  eden space 3072K, 100% used [0x00000000eab00000,0x00000000eae00000,0x00000000eae00000)
  from space 1024K, 69% used [0x00000000eae00000,0x00000000eaeb1230,0x00000000eaf00000)
  to   space 1024K, 0% used [0x00000000eaf00000,0x00000000eaf00000,0x00000000eb000000)
 ParOldGen       total 160256K, used 152970K [0x00000000c0000000, 0x00000000c9c80000, 0x00000000eab00000)
  object space 160256K, 95% used [0x00000000c0000000,0x00000000c9562bb8,0x00000000c9c80000)
 Metaspace       used 100016K, committed 101504K, reserved 1179648K
  class space    used 9669K, committed 10304K, reserved 1048576K
}
Event: 10605.106 GC heap after
{Heap after GC invocations=19264 (full 475):
 PSYoungGen      total 4096K, used 628K [0x00000000eab00000, 0x00000000eb000000, 0x0000000100000000)
  eden space 3072K, 0% used [0x00000000eab00000,0x00000000eab00000,0x00000000eae00000)
  from space 1024K, 61% used [0x00000000eaf00000,0x00000000eaf9d200,0x00000000eb000000)
  to   space 1024K, 0% used [0x00000000eae00000,0x00000000eae00000,0x00000000eaf00000)
 ParOldGen       total 160256K, used 153615K [0x00000000c0000000, 0x00000000c9c80000, 0x00000000eab00000)
  object space 160256K, 95% used [0x00000000c0000000,0x00000000c9603df8,0x00000000c9c80000)
 Metaspace       used 100016K, committed 101504K, reserved 1179648K
  class space    used 9669K, committed 10304K, reserved 1048576K
}
Event: 10605.111 GC heap before
{Heap before GC invocations=19265 (full 475):
 PSYoungGen      total 4096K, used 3700K [0x00000000eab00000, 0x00000000eb000000, 0x0000000100000000)
  eden space 3072K, 99% used [0x00000000eab00000,0x00000000eadfffd0,0x00000000eae00000)
  from space 1024K, 61% used [0x00000000eaf00000,0x00000000eaf9d200,0x00000000eb000000)
  to   space 1024K, 0% used [0x00000000eae00000,0x00000000eae00000,0x00000000eaf00000)
 ParOldGen       total 160256K, used 153615K [0x00000000c0000000, 0x00000000c9c80000, 0x00000000eab00000)
  object space 160256K, 95% used [0x00000000c0000000,0x00000000c9603df8,0x00000000c9c80000)
 Metaspace       used 100016K, committed 101504K, reserved 1179648K
  class space    used 9669K, committed 10304K, reserved 1048576K
}
Event: 10605.113 GC heap after
{Heap after GC invocations=19265 (full 475):
 PSYoungGen      total 4096K, used 1005K [0x00000000eab00000, 0x00000000eb400000, 0x0000000100000000)
  eden space 3072K, 0% used [0x00000000eab00000,0x00000000eab00000,0x00000000eae00000)
  from space 1024K, 98% used [0x00000000eae00000,0x00000000eaefb5d0,0x00000000eaf00000)
  to   space 3072K, 0% used [0x00000000eb100000,0x00000000eb100000,0x00000000eb400000)
 ParOldGen       total 160256K, used 155243K [0x00000000c0000000, 0x00000000c9c80000, 0x00000000eab00000)
  object space 160256K, 96% used [0x00000000c0000000,0x00000000c979aff8,0x00000000c9c80000)
 Metaspace       used 100016K, committed 101504K, reserved 1179648K
  class space    used 9669K, committed 10304K, reserved 1048576K
}
Event: 10605.118 GC heap before
{Heap before GC invocations=19266 (full 475):
 PSYoungGen      total 4096K, used 4077K [0x00000000eab00000, 0x00000000eb400000, 0x0000000100000000)
  eden space 3072K, 100% used [0x00000000eab00000,0x00000000eae00000,0x00000000eae00000)
  from space 1024K, 98% used [0x00000000eae00000,0x00000000eaefb5d0,0x00000000eaf00000)
  to   space 3072K, 0% used [0x00000000eb100000,0x00000000eb100000,0x00000000eb400000)
 ParOldGen       total 160256K, used 155243K [0x00000000c0000000, 0x00000000c9c80000, 0x00000000eab00000)
  object space 160256K, 96% used [0x00000000c0000000,0x00000000c979aff8,0x00000000c9c80000)
 Metaspace       used 100016K, committed 101504K, reserved 1179648K
  class space    used 9669K, committed 10304K, reserved 1048576K
}
Event: 10605.120 GC heap after
{Heap after GC invocations=19266 (full 475):
 PSYoungGen      total 4608K, used 3072K [0x00000000eab00000, 0x00000000eb700000, 0x0000000100000000)
  eden space 1536K, 0% used [0x00000000eab00000,0x00000000eab00000,0x00000000eac80000)
  from space 3072K, 100% used [0x00000000eb100000,0x00000000eb400000,0x00000000eb400000)
  to   space 4608K, 0% used [0x00000000eac80000,0x00000000eac80000,0x00000000eb100000)
 ParOldGen       total 160256K, used 156281K [0x00000000c0000000, 0x00000000c9c80000, 0x00000000eab00000)
  object space 160256K, 97% used [0x00000000c0000000,0x00000000c989e5c8,0x00000000c9c80000)
 Metaspace       used 100016K, committed 101504K, reserved 1179648K
  class space    used 9669K, committed 10304K, reserved 1048576K
}
Event: 10605.123 GC heap before
{Heap before GC invocations=19267 (full 475):
 PSYoungGen      total 4608K, used 4608K [0x00000000eab00000, 0x00000000eb700000, 0x0000000100000000)
  eden space 1536K, 100% used [0x00000000eab00000,0x00000000eac80000,0x00000000eac80000)
  from space 3072K, 100% used [0x00000000eb100000,0x00000000eb400000,0x00000000eb400000)
  to   space 4608K, 0% used [0x00000000eac80000,0x00000000eac80000,0x00000000eb100000)
 ParOldGen       total 160256K, used 156281K [0x00000000c0000000, 0x00000000c9c80000, 0x00000000eab00000)
  object space 160256K, 97% used [0x00000000c0000000,0x00000000c989e5c8,0x00000000c9c80000)
 Metaspace       used 100016K, committed 101504K, reserved 1179648K
  class space    used 9669K, committed 10304K, reserved 1048576K
}
Event: 10605.128 GC heap after
{Heap after GC invocations=19267 (full 475):
 PSYoungGen      total 3584K, used 1568K [0x00000000eab00000, 0x00000000eb200000, 0x0000000100000000)
  eden space 1536K, 0% used [0x00000000eab00000,0x00000000eab00000,0x00000000eac80000)
  from space 2048K, 76% used [0x00000000eac80000,0x00000000eae08000,0x00000000eae80000)
  to   space 2560K, 0% used [0x00000000eaf80000,0x00000000eaf80000,0x00000000eb200000)
 ParOldGen       total 160256K, used 159353K [0x00000000c0000000, 0x00000000c9c80000, 0x00000000eab00000)
  object space 160256K, 99% used [0x00000000c0000000,0x00000000c9b9e5c8,0x00000000c9c80000)
 Metaspace       used 100016K, committed 101504K, reserved 1179648K
  class space    used 9669K, committed 10304K, reserved 1048576K
}
Event: 10605.128 GC heap before
{Heap before GC invocations=19268 (full 476):
 PSYoungGen      total 3584K, used 1568K [0x00000000eab00000, 0x00000000eb200000, 0x0000000100000000)
  eden space 1536K, 0% used [0x00000000eab00000,0x00000000eab00000,0x00000000eac80000)
  from space 2048K, 76% used [0x00000000eac80000,0x00000000eae08000,0x00000000eae80000)
  to   space 2560K, 0% used [0x00000000eaf80000,0x00000000eaf80000,0x00000000eb200000)
 ParOldGen       total 160256K, used 159353K [0x00000000c0000000, 0x00000000c9c80000, 0x00000000eab00000)
  object space 160256K, 99% used [0x00000000c0000000,0x00000000c9b9e5c8,0x00000000c9c80000)
 Metaspace       used 100016K, committed 101504K, reserved 1179648K
  class space    used 9669K, committed 10304K, reserved 1048576K
}

