# JRE version: OpenJDK Runtime Environment Temurin-17.0.9+9 (17.0.9+9) (build 17.0.9+9)
# Java VM: OpenJDK 64-Bit Server VM Temurin-17.0.9+9 (17.0.9+9, mixed mode, emulated-client, tiered, compressed oops, compressed class ptrs, g1 gc, windows-amd64)
GC Precious Log:
 CPUs: 4 total, 4 available
 Memory: 16239M
 Large Page Support: Disabled
 NUMA Support: Disabled
 Compressed Oops: Enabled (32-bit)
 Heap Region Size: 1M
 Heap Min Capacity: 8M
 Heap Initial Capacity: 254M
 Heap Max Capacity: 1G
 Pre-touch: Disabled
 Parallel Workers: 4
 Concurrent Workers: 1
 Concurrent Refinement Workers: 4
 Periodic GC: Disabled
Heap:
 garbage-first heap   total 96256K, used 34997K [0x00000000c0000000, 0x0000000100000000)
  region size 1024K, 1 young (1024K), 0 survivors (0K)
 Metaspace       used 58845K, committed 59264K, reserved 1114112K
  class space    used 7317K, committed 7552K, reserved 1048576K
GC Heap History (20 events):
Event: 10052.531 GC heap after
{Heap after GC invocations=505 (full 315):
 garbage-first heap   total 96256K, used 36166K [0x00000000c0000000, 0x0000000100000000)
  region size 1024K, 2 young (2048K), 2 survivors (2048K)
 Metaspace       used 58861K, committed 59264K, reserved 1114112K
  class space    used 7321K, committed 7552K, reserved 1048576K
}
Event: 10094.133 GC heap before
{Heap before GC invocations=505 (full 315):
 garbage-first heap   total 96256K, used 80198K [0x00000000c0000000, 0x0000000100000000)
  region size 1024K, 45 young (46080K), 2 survivors (2048K)
 Metaspace       used 58861K, committed 59264K, reserved 1114112K
  class space    used 7321K, committed 7552K, reserved 1048576K
}
Event: 10094.135 GC heap after
{Heap after GC invocations=506 (full 315):
 garbage-first heap   total 96256K, used 36252K [0x00000000c0000000, 0x0000000100000000)
  region size 1024K, 3 young (3072K), 3 survivors (3072K)
 Metaspace       used 58861K, committed 59264K, reserved 1114112K
  class space    used 7321K, committed 7552K, reserved 1048576K
}
Event: 10118.466 GC heap before
{Heap before GC invocations=506 (full 315):
 garbage-first heap   total 96256K, used 79260K [0x00000000c0000000, 0x0000000100000000)
  region size 1024K, 45 young (46080K), 3 survivors (3072K)
 Metaspace       used 58861K, committed 59264K, reserved 1114112K
  class space    used 7321K, committed 7552K, reserved 1048576K
}
Event: 10118.471 GC heap after
{Heap after GC invocations=507 (full 315):
 garbage-first heap   total 96256K, used 36355K [0x00000000c0000000, 0x0000000100000000)
  region size 1024K, 3 young (3072K), 3 survivors (3072K)
 Metaspace       used 58861K, committed 59264K, reserved 1114112K
  class space    used 7321K, committed 7552K, reserved 1048576K
}
Event: 10148.495 GC heap before
{Heap before GC invocations=507 (full 315):
 garbage-first heap   total 96256K, used 79363K [0x00000000c0000000, 0x0000000100000000)
  region size 1024K, 45 young (46080K), 3 survivors (3072K)
 Metaspace       used 58865K, committed 59264K, reserved 1114112K
  class space    used 7321K, committed 7552K, reserved 1048576K
}
Event: 10148.498 GC heap after
{Heap after GC invocations=508 (full 315):
 garbage-first heap   total 96256K, used 36283K [0x00000000c0000000, 0x0000000100000000)
  region size 1024K, 3 young (3072K), 3 survivors (3072K)
 Metaspace       used 58865K, committed 59264K, reserved 1114112K
  class space    used 7321K, committed 7552K, reserved 1048576K
}
Event: 10169.445 GC heap before
{Heap before GC invocations=508 (full 315):
 garbage-first heap   total 96256K, used 79291K [0x00000000c0000000, 0x0000000100000000)
  region size 1024K, 45 young (46080K), 3 survivors (3072K)
 Metaspace       used 58865K, committed 59264K, reserved 1114112K
  class space    used 7321K, committed 7552K, reserved 1048576K
}
Event: 10169.447 GC heap after
{Heap after GC invocations=509 (full 315):
 garbage-first heap   total 96256K, used 36268K [0x00000000c0000000, 0x0000000100000000)
  region size 1024K, 3 young (3072K), 3 survivors (3072K)
 Metaspace       used 58865K, committed 59264K, reserved 1114112K
  class space    used 7321K, committed 7552K, reserved 1048576K
}
Event: 10183.692 GC heap before
{Heap before GC invocations=509 (full 315):
 garbage-first heap   total 96256K, used 80300K [0x00000000c0000000, 0x0000000100000000)
  region size 1024K, 46 young (47104K), 3 survivors (3072K)
 Metaspace       used 58865K, committed 59264K, reserved 1114112K
  class space    used 7321K, committed 7552K, reserved 1048576K
}
Event: 10183.693 GC heap after
{Heap after GC invocations=510 (full 315):
 garbage-first heap   total 96256K, used 35737K [0x00000000c0000000, 0x0000000100000000)
  region size 1024K, 2 young (2048K), 2 survivors (2048K)
 Metaspace       used 58865K, committed 59264K, reserved 1114112K
  class space    used 7321K, committed 7552K, reserved 1048576K
}
Event: 10267.590 GC heap before
{Heap before GC invocations=510 (full 315):
 garbage-first heap   total 96256K, used 79769K [0x00000000c0000000, 0x0000000100000000)
  region size 1024K, 46 young (47104K), 2 survivors (2048K)
 Metaspace       used 58865K, committed 59264K, reserved 1114112K
  class space    used 7321K, committed 7552K, reserved 1048576K
}
Event: 10267.621 GC heap after
{Heap after GC invocations=511 (full 316):
 garbage-first heap   total 96256K, used 34975K [0x00000000c0000000, 0x0000000100000000)
  region size 1024K, 0 young (0K), 0 survivors (0K)
 Metaspace       used 58865K, committed 59264K, reserved 1114112K
  class space    used 7321K, committed 7552K, reserved 1048576K
}
Event: 10277.785 GC heap before
{Heap before GC invocations=511 (full 316):
 garbage-first heap   total 96256K, used 34975K [0x00000000c0000000, 0x0000000100000000)
  region size 1024K, 1 young (1024K), 0 survivors (0K)
 Metaspace       used 58865K, committed 59264K, reserved 1114112K
  class space    used 7321K, committed 7552K, reserved 1048576K
}
Event: 10277.823 GC heap after
{Heap after GC invocations=512 (full 317):
 garbage-first heap   total 96256K, used 34975K [0x00000000c0000000, 0x0000000100000000)
  region size 1024K, 0 young (0K), 0 survivors (0K)
 Metaspace       used 58845K, committed 59264K, reserved 1114112K
  class space    used 7317K, committed 7552K, reserved 1048576K
}
Event: 10287.990 GC heap before
{Heap before GC invocations=512 (full 317):
 garbage-first heap   total 96256K, used 34975K [0x00000000c0000000, 0x0000000100000000)
  region size 1024K, 1 young (1024K), 0 survivors (0K)
 Metaspace       used 58845K, committed 59264K, reserved 1114112K
  class space    used 7317K, committed 7552K, reserved 1048576K
}
Event: 10288.024 GC heap after
{Heap after GC invocations=513 (full 318):
 garbage-first heap   total 96256K, used 34975K [0x00000000c0000000, 0x0000000100000000)
  region size 1024K, 0 young (0K), 0 survivors (0K)
 Metaspace       used 58845K, committed 59264K, reserved 1114112K
  class space    used 7317K, committed 7552K, reserved 1048576K
}
Event: 10298.387 GC heap before
{Heap before GC invocations=513 (full 318):
 garbage-first heap   total 96256K, used 34975K [0x00000000c0000000, 0x0000000100000000)
  region size 1024K, 1 young (1024K), 0 survivors (0K)
 Metaspace       used 58845K, committed 59264K, reserved 1114112K
  class space    used 7317K, committed 7552K, reserved 1048576K
}
Event: 10298.427 GC heap after
{Heap after GC invocations=514 (full 319):
 garbage-first heap   total 96256K, used 34975K [0x00000000c0000000, 0x0000000100000000)
  region size 1024K, 0 young (0K), 0 survivors (0K)
 Metaspace       used 58845K, committed 59264K, reserved 1114112K
  class space    used 7317K, committed 7552K, reserved 1048576K
}
Event: 10545.846 GC heap before
{Heap before GC invocations=514 (full 319):
 garbage-first heap   total 96256K, used 34975K [0x00000000c0000000, 0x0000000100000000)
  region size 1024K, 1 young (1024K), 0 survivors (0K)
 Metaspace       used 58845K, committed 59264K, reserved 1114112K
  class space    used 7317K, committed 7552K, reserved 1048576K
}

